2025-05-08 21:17:18,807 [INFO] Initialized step: 03_check_tsv_structure
2025-05-08 21:17:28,674 [WARNING] artist: Column mismatch! Expected 19, Found: {18: 2, 9: 1, 20: 1, 30: 1}
2025-05-08 21:17:32,030 [ERROR] Error processing artist_credit: field larger than field limit (131072)
2025-05-08 21:17:37,925 [ERROR] Error processing artist_credit_name: field larger than field limit (131072)
2025-05-08 21:19:55,657 [INFO] Initialized step: 03_check_tsv_structure
2025-05-08 21:20:04,858 [WARNING] artist: Column mismatch! Expected 19, Found: {18: 2, 9: 1, 20: 1, 30: 1}
2025-05-08 21:20:13,943 [INFO] artist_credit: Structure OK (7 columns)
2025-05-08 21:20:20,231 [WARNING] artist_credit_name: Column mismatch! Expected 5, Found: {6: 41}
2025-05-08 21:20:33,736 [WARNING] release: Column mismatch! Expected 14, Found: {6: 2}
2025-05-08 21:20:41,369 [INFO] release_group: Structure OK (8 columns)
2025-05-08 21:20:41,369 [INFO] release_group_secondary_type: Structure OK (6 columns)
2025-05-08 21:20:42,030 [INFO] release_group_secondary_type_join: Structure OK (3 columns)
2025-05-08 21:56:59,581 [INFO] Initialized step: 03_check_tsv_structure
2025-05-08 21:57:08,614 [INFO] artist: Structure OK (19 columns)
2025-05-08 21:57:15,348 [INFO] artist_credit: Structure OK (7 columns)
2025-05-08 21:57:21,686 [INFO] artist_credit_name: Structure OK (5 columns)
2025-05-08 21:57:37,124 [INFO] release: Structure OK (14 columns)
2025-05-08 21:57:45,338 [INFO] release_group: Structure OK (8 columns)
2025-05-08 21:57:45,338 [INFO] release_group_secondary_type: Structure OK (6 columns)
2025-05-08 21:57:46,027 [INFO] release_group_secondary_type_join: Structure OK (3 columns)
