[2025-10-15 14:21:28] Starting pipeline cleanup...
[14:21:28] Wiping contents of C:\Projects\unguided-capstone-project\data\intermediate
[14:21:28] Wiping contents of C:\Projects\unguided-capstone-project\data\metrics
[14:21:28] Wiping contents of C:\Projects\unguided-capstone-project\data\validation
[2025-10-15 14:21:28] ✅ Cleanup complete.
[2025-10-15 14:27:43] Starting FULL pipeline cleanup...
[14:27:43] Wiping contents of C:\Projects\unguided-capstone-project\data\intermediate
[14:27:43] Wiping contents of C:\Projects\unguided-capstone-project\data\metrics
[14:27:43] Wiping contents of C:\Projects\unguided-capstone-project\data\validation
[14:27:43] Wiping contents of C:\Projects\unguided-capstone-project\data\cache
[14:27:46] Wiping contents of C:\Projects\unguided-capstone-project\data\raw\discogs_raw
[14:27:46] Wiping contents of C:\Projects\unguided-capstone-project\data\raw\tmdb_raw
[2025-10-15 14:27:46] ✅ FULL cleanup complete.
[2025-10-15 14:29:53] Starting FULL pipeline cleanup...
[14:29:53] Wiping contents of C:\Projects\unguided-capstone-project\data\intermediate
[14:29:53] Wiping contents of C:\Projects\unguided-capstone-project\data\metrics
[14:29:53] Wiping contents of C:\Projects\unguided-capstone-project\data\validation
[14:29:53] Wiping contents of C:\Projects\unguided-capstone-project\data\cache
[14:29:53] Wiping contents of C:\Projects\unguided-capstone-project\data\raw\discogs_raw
[14:29:53] Wiping contents of C:\Projects\unguided-capstone-project\data\raw\tmdb_raw
[2025-10-15 14:29:53] ✅ FULL cleanup complete.
[2025-10-23 23:24:43] Starting FULL pipeline cleanup...
[23:24:43] Wiping contents of C:\Projects\unguided-capstone-project\data\intermediate
[23:24:43] Wiping contents of C:\Projects\unguided-capstone-project\data\metrics
[23:24:43] Wiping contents of C:\Projects\unguided-capstone-project\data\validation
[23:24:43] Wiping contents of C:\Projects\unguided-capstone-project\data\cache
[23:24:44] Wiping contents of C:\Projects\unguided-capstone-project\data\raw\discogs_raw
[23:24:44] Wiping contents of C:\Projects\unguided-capstone-project\data\raw\tmdb_raw
[2025-10-23 23:24:44] ✅ FULL cleanup complete.
